<?xml version="1.0" encoding="UTF-8"?>
<robot generator="Robot 7.0 (Python 3.11.8 on win32)" generated="2024-04-11T09:55:24.151059" rpa="false" schemaversion="5">
<suite id="s1" name="TestPage" source="D:\HRS\TestPage">
<suite id="s1-s1" name="HRSLandingPageTest" source="D:\HRS\TestPage\HRSLandingPageTest.robot">
<test id="s1-s1-t1" name="Validate succesful login" line="27">
<kw name="open the browser with the url" owner="HRSGeneric" type="SETUP">
<kw name="Open Browser" owner="SeleniumLibrary">
<msg time="2024-04-11T09:55:24.493898" level="INFO">Opening browser 'firefox' to base url 'https://www.hrs.de/'.</msg>
<arg>${url}</arg>
<arg>${browser_name}</arg>
<doc>Opens a new browser instance to the optional ``url``.</doc>
<status status="PASS" start="2024-04-11T09:55:24.493898" elapsed="6.885030"/>
</kw>
<kw name="Accept cookies" owner="HRSGeneric">
<kw name="Wait Until Element Is Visible" owner="SeleniumLibrary">
<msg time="2024-04-11T09:55:31.423700" level="WARN">Keyword 'Capture Page Screenshot' could not be run on failure: Message: WebDriver session does not exist, or is not active
Stacktrace:
RemoteError@chrome://remote/content/shared/RemoteError.sys.mjs:8:8
WebDriverError@chrome://remote/content/shared/webdriver/Errors.sys.mjs:192:5
InvalidSessionIDError@chrome://remote/content/shared/webdriver/Errors.sys.mjs:447:5
assert.that/&lt;@chrome://remote/content/shared/webdriver/Assert.sys.mjs:485:13
assert.session@chrome://remote/content/shared/webdriver/Assert.sys.mjs:37:4
despatch@chrome://remote/content/marionette/server.sys.mjs:315:19
execute@chrome://remote/content/marionette/server.sys.mjs:289:16
onPacket/&lt;@chrome://remote/content/marionette/server.sys.mjs:262:20
onPacket@chrome://remote/content/marionette/server.sys.mjs:263:9
_onJSONObjectReady/&lt;@chrome://remote/content/marionette/transport.sys.mjs:494:20
</msg>
<msg time="2024-04-11T09:55:31.425693" level="FAIL">NoSuchWindowException: Message: Browsing context has been discarded
Stacktrace:
RemoteError@chrome://remote/content/shared/RemoteError.sys.mjs:8:8
WebDriverError@chrome://remote/content/shared/webdriver/Errors.sys.mjs:192:5
NoSuchWindowError@chrome://remote/content/shared/webdriver/Errors.sys.mjs:678:5
assert.that/&lt;@chrome://remote/content/shared/webdriver/Assert.sys.mjs:485:13
assert.open@chrome://remote/content/shared/webdriver/Assert.sys.mjs:147:4
GeckoDriver.prototype.findElements@chrome://remote/content/marionette/driver.sys.mjs:1584:15
despatch@chrome://remote/content/marionette/server.sys.mjs:318:40
execute@chrome://remote/content/marionette/server.sys.mjs:289:16
onPacket/&lt;@chrome://remote/content/marionette/server.sys.mjs:262:20
onPacket@chrome://remote/content/marionette/server.sys.mjs:263:9
_onJSONObjectReady/&lt;@chrome://remote/content/marionette/transport.sys.mjs:494:20
</msg>
<arg>${Accept_all_cookies}</arg>
<arg>60</arg>
<doc>Waits until the element ``locator`` is visible.</doc>
<status status="FAIL" start="2024-04-11T09:55:31.379924" elapsed="0.051749">NoSuchWindowException: Message: Browsing context has been discarded
Stacktrace:
RemoteError@chrome://remote/content/shared/RemoteError.sys.mjs:8:8
WebDriverError@chrome://remote/content/shared/webdriver/Errors.sys.mjs:192:5
NoSuchWindowError@chrome://remote/content/shared/webdriver/Errors.sys.mjs:678:5
assert.that/&lt;@chrome://remote/content/shared/webdriver/Assert.sys.mjs:485:13
assert.open@chrome://remote/content/shared/webdriver/Assert.sys.mjs:147:4
GeckoDriver.prototype.findElements@chrome://remote/content/marionette/driver.sys.mjs:1584:15
despatch@chrome://remote/content/marionette/server.sys.mjs:318:40
execute@chrome://remote/content/marionette/server.sys.mjs:289:16
onPacket/&lt;@chrome://remote/content/marionette/server.sys.mjs:262:20
onPacket@chrome://remote/content/marionette/server.sys.mjs:263:9
_onJSONObjectReady/&lt;@chrome://remote/content/marionette/transport.sys.mjs:494:20
</status>
</kw>
<kw name="Wait Until Element Is Enabled" owner="SeleniumLibrary">
<arg>${Accept_all_cookies}</arg>
<arg>60</arg>
<doc>Waits until the element ``locator`` is enabled.</doc>
<status status="NOT RUN" start="2024-04-11T09:55:31.432669" elapsed="0.000000"/>
</kw>
<kw name="Click Element" owner="SeleniumLibrary">
<arg>${Accept_all_cookies}</arg>
<doc>Click the element identified by ``locator``.</doc>
<status status="NOT RUN" start="2024-04-11T09:55:31.432669" elapsed="0.000000"/>
</kw>
<kw name="Sleep" owner="BuiltIn">
<arg>${search_sleep}</arg>
<doc>Pauses the test executed for the given time.</doc>
<status status="NOT RUN" start="2024-04-11T09:55:31.432669" elapsed="0.000000"/>
</kw>
<status status="FAIL" start="2024-04-11T09:55:31.378928" elapsed="0.053741">NoSuchWindowException: Message: Browsing context has been discarded
Stacktrace:
RemoteError@chrome://remote/content/shared/RemoteError.sys.mjs:8:8
WebDriverError@chrome://remote/content/shared/webdriver/Errors.sys.mjs:192:5
NoSuchWindowError@chrome://remote/content/shared/webdriver/Errors.sys.mjs:678:5
assert.that/&lt;@chrome://remote/content/shared/webdriver/Assert.sys.mjs:485:13
assert.open@chrome://remote/content/shared/webdriver/Assert.sys.mjs:147:4
GeckoDriver.prototype.findElements@chrome://remote/content/marionette/driver.sys.mjs:1584:15
despatch@chrome://remote/content/marionette/server.sys.mjs:318:40
execute@chrome://remote/content/marionette/server.sys.mjs:289:16
onPacket/&lt;@chrome://remote/content/marionette/server.sys.mjs:262:20
onPacket@chrome://remote/content/marionette/server.sys.mjs:263:9
_onJSONObjectReady/&lt;@chrome://remote/content/marionette/transport.sys.mjs:494:20
</status>
</kw>
<kw name="Wait Until Element Is Visible" owner="SeleniumLibrary">
<arg>css:#SearchHotelsButton</arg>
<arg>60</arg>
<doc>Waits until the element ``locator`` is visible.</doc>
<status status="NOT RUN" start="2024-04-11T09:55:31.432669" elapsed="0.000000"/>
</kw>
<kw name="Wait Until Element Is Enabled" owner="SeleniumLibrary">
<arg>css:#SearchHotelsButton</arg>
<arg>60</arg>
<doc>Waits until the element ``locator`` is enabled.</doc>
<status status="NOT RUN" start="2024-04-11T09:55:31.432669" elapsed="0.000000"/>
</kw>
<kw name="Maximize Browser Window" owner="SeleniumLibrary">
<doc>Maximizes current browser window.</doc>
<status status="NOT RUN" start="2024-04-11T09:55:31.432669" elapsed="0.000000"/>
</kw>
<status status="FAIL" start="2024-04-11T09:55:24.492913" elapsed="6.940753">NoSuchWindowException: Message: Browsing context has been discarded
Stacktrace:
RemoteError@chrome://remote/content/shared/RemoteError.sys.mjs:8:8
WebDriverError@chrome://remote/content/shared/webdriver/Errors.sys.mjs:192:5
NoSuchWindowError@chrome://remote/content/shared/webdriver/Errors.sys.mjs:678:5
assert.that/&lt;@chrome://remote/content/shared/webdriver/Assert.sys.mjs:485:13
assert.open@chrome://remote/content/shared/webdriver/Assert.sys.mjs:147:4
GeckoDriver.prototype.findElements@chrome://remote/content/marionette/driver.sys.mjs:1584:15
despatch@chrome://remote/content/marionette/server.sys.mjs:318:40
execute@chrome://remote/content/marionette/server.sys.mjs:289:16
onPacket/&lt;@chrome://remote/content/marionette/server.sys.mjs:262:20
onPacket@chrome://remote/content/marionette/server.sys.mjs:263:9
_onJSONObjectReady/&lt;@chrome://remote/content/marionette/transport.sys.mjs:494:20
</status>
</kw>
<kw name="Close Browser session" owner="HRSGeneric" type="TEARDOWN">
<kw name="Close Browser" owner="SeleniumLibrary">
<msg time="2024-04-11T09:55:33.577667" level="ERROR">When closing browser, received exception: Execution terminated by signal</msg>
<msg time="2024-04-11T09:55:33.579663" level="INFO">Cannot capture screenshot because no browser is open.</msg>
<doc>Closes the current browser.</doc>
<status status="FAIL" start="2024-04-11T09:55:31.434668" elapsed="2.144995">Execution terminated by signal</status>
</kw>
<status status="FAIL" start="2024-04-11T09:55:31.433666" elapsed="2.147093">Execution terminated by signal</status>
</kw>
<status status="FAIL" start="2024-04-11T09:55:24.492913" elapsed="9.087846">Setup failed:
NoSuchWindowException: Message: Browsing context has been discarded
Stacktrace:
RemoteError@chrome://remote/content/shared/RemoteError.sys.mjs:8:8
WebDriverError@chrome://remote/content/shared/webdriver/Errors.sys.mjs:192:5
NoSuchWindowError@chrome://remote/content/shared/webdriver/Errors.sys.mjs:678:5
assert.that/&lt;@chrome://remote/content/shared/webdriver/Assert.sys.mjs:485:13
assert.open@chrome://remote/content/shared/webdriver/Assert.sys.mjs:147:4
GeckoDriver.prototype.findElements@chrome://remote/content/marionette/driver.sys.mjs:1584:15
despatch@chrome://remote/content/marionette/server.sys.mjs:318:40
execute@chrome://remote/content/marionette/server.sys.mjs:289:16
onPacket/&lt;@chrome://remote/content/marionette/server.sys.mjs:262:20
onPacket@chrome://remote/content/marionette/server.sys.mjs:263:9
_onJSONObjectReady/&lt;@chrome://remote/content/marionette/transport.sys.mjs:494:20


Also teardown failed:
Execution terminated by signal</status>
</test>
<test id="s1-s1-t2" name="Book hotel room" line="40">
<tag>robot:exit</tag>
<status status="FAIL" start="2024-04-11T09:55:33.583676" elapsed="0.001096">Test execution stopped due to a fatal error.</status>
</test>
<doc>Contains all test cases of Landing page</doc>
<status status="FAIL" start="2024-04-11T09:55:24.168922" elapsed="9.417737"/>
</suite>
<suite id="s1-s2" name="HRSLandingPageTest 1" source="D:\HRS\TestPage\HRSLandingPageTest_1.robot">
<test id="s1-s2-t1" name="Validate succesful login" line="27">
<tag>robot:exit</tag>
<status status="FAIL" start="2024-04-11T09:55:33.587653" elapsed="0.000994">Test execution stopped due to a fatal error.</status>
</test>
<test id="s1-s2-t2" name="Book hotel room" line="40">
<tag>robot:exit</tag>
<status status="FAIL" start="2024-04-11T09:55:33.588647" elapsed="0.000997">Test execution stopped due to a fatal error.</status>
</test>
<doc>Contains all test cases of Landing page</doc>
<status status="FAIL" start="2024-04-11T09:55:33.587653" elapsed="0.001991"/>
</suite>
<status status="FAIL" start="2024-04-11T09:55:24.152975" elapsed="9.437666"/>
</suite>
<statistics>
<total>
<stat pass="0" fail="4" skip="0">All Tests</stat>
</total>
<tag>
<stat pass="0" fail="1" skip="0" info="combined" combined="NOT robot:exit">NOT robot:exit</stat>
</tag>
<suite>
<stat pass="0" fail="4" skip="0" id="s1" name="TestPage">TestPage</stat>
<stat pass="0" fail="2" skip="0" id="s1-s1" name="HRSLandingPageTest">TestPage.HRSLandingPageTest</stat>
<stat pass="0" fail="2" skip="0" id="s1-s2" name="HRSLandingPageTest 1">TestPage.HRSLandingPageTest 1</stat>
</suite>
</statistics>
<errors>
<msg time="2024-04-11T09:55:31.423700" level="WARN">Keyword 'Capture Page Screenshot' could not be run on failure: Message: WebDriver session does not exist, or is not active
Stacktrace:
RemoteError@chrome://remote/content/shared/RemoteError.sys.mjs:8:8
WebDriverError@chrome://remote/content/shared/webdriver/Errors.sys.mjs:192:5
InvalidSessionIDError@chrome://remote/content/shared/webdriver/Errors.sys.mjs:447:5
assert.that/&lt;@chrome://remote/content/shared/webdriver/Assert.sys.mjs:485:13
assert.session@chrome://remote/content/shared/webdriver/Assert.sys.mjs:37:4
despatch@chrome://remote/content/marionette/server.sys.mjs:315:19
execute@chrome://remote/content/marionette/server.sys.mjs:289:16
onPacket/&lt;@chrome://remote/content/marionette/server.sys.mjs:262:20
onPacket@chrome://remote/content/marionette/server.sys.mjs:263:9
_onJSONObjectReady/&lt;@chrome://remote/content/marionette/transport.sys.mjs:494:20
</msg>
<msg time="2024-04-11T09:55:33.577667" level="ERROR">When closing browser, received exception: Execution terminated by signal</msg>
</errors>
</robot>
